Analysis & Synthesis report for Processor
Mon Nov 11 10:48:40 2019
Quartus Prime Version 18.1.0 Build 625 09/12/2018 SJ Lite Edition


---------------------
; Table of Contents ;
---------------------
  1. Legal Notice
  2. Analysis & Synthesis Summary
  3. Analysis & Synthesis Settings
  4. Parallel Compilation
  5. Analysis & Synthesis Source Files Read
  6. Analysis & Synthesis Resource Usage Summary
  7. Analysis & Synthesis Resource Utilization by Entity
  8. Registers Removed During Synthesis
  9. Removed Registers Triggering Further Register Optimizations
 10. General Register Statistics
 11. Post-Synthesis Netlist Statistics for Top Partition
 12. Elapsed Time Per Partition
 13. Analysis & Synthesis Messages
 14. Analysis & Synthesis Suppressed Messages



----------------
; Legal Notice ;
----------------
Copyright (C) 2018  Intel Corporation. All rights reserved.
Your use of Intel Corporation's design tools, logic functions 
and other software and tools, and its AMPP partner logic 
functions, and any output files from any of the foregoing 
(including device programming or simulation files), and any 
associated documentation or information are expressly subject 
to the terms and conditions of the Intel Program License 
Subscription Agreement, the Intel Quartus Prime License Agreement,
the Intel FPGA IP License Agreement, or other applicable license
agreement, including, without limitation, that your use is for
the sole purpose of programming logic devices manufactured by
Intel and sold by Intel or its authorized distributors.  Please
refer to the applicable agreement for further details.



+-------------------------------------------------------------------------------+
; Analysis & Synthesis Summary                                                  ;
+---------------------------------+---------------------------------------------+
; Analysis & Synthesis Status     ; Successful - Mon Nov 11 10:48:39 2019       ;
; Quartus Prime Version           ; 18.1.0 Build 625 09/12/2018 SJ Lite Edition ;
; Revision Name                   ; Processor                                   ;
; Top-level Entity Name           ; instructionMem                              ;
; Family                          ; Cyclone V                                   ;
; Logic utilization (in ALMs)     ; N/A                                         ;
; Total registers                 ; 0                                           ;
; Total pins                      ; 65                                          ;
; Total virtual pins              ; 0                                           ;
; Total block memory bits         ; 0                                           ;
; Total DSP Blocks                ; 0                                           ;
; Total HSSI RX PCSs              ; 0                                           ;
; Total HSSI PMA RX Deserializers ; 0                                           ;
; Total HSSI TX PCSs              ; 0                                           ;
; Total HSSI PMA TX Serializers   ; 0                                           ;
; Total PLLs                      ; 0                                           ;
; Total DLLs                      ; 0                                           ;
+---------------------------------+---------------------------------------------+


+---------------------------------------------------------------------------------------------------------------------------+
; Analysis & Synthesis Settings                                                                                             ;
+---------------------------------------------------------------------------------+--------------------+--------------------+
; Option                                                                          ; Setting            ; Default Value      ;
+---------------------------------------------------------------------------------+--------------------+--------------------+
; Device                                                                          ; 5CSEMA5F31C6       ;                    ;
; Top-level entity name                                                           ; instructionMem     ; Processor          ;
; Family name                                                                     ; Cyclone V          ; Cyclone V          ;
; Use smart compilation                                                           ; Off                ; Off                ;
; Enable parallel Assembler and Timing Analyzer during compilation                ; On                 ; On                 ;
; Enable compact report table                                                     ; Off                ; Off                ;
; Restructure Multiplexers                                                        ; Auto               ; Auto               ;
; MLAB Add Timing Constraints For Mixed-Port Feed-Through Mode Setting Don't Care ; Off                ; Off                ;
; Create Debugging Nodes for IP Cores                                             ; Off                ; Off                ;
; Preserve fewer node names                                                       ; On                 ; On                 ;
; Intel FPGA IP Evaluation Mode                                                   ; Enable             ; Enable             ;
; Verilog Version                                                                 ; Verilog_2001       ; Verilog_2001       ;
; VHDL Version                                                                    ; VHDL_1993          ; VHDL_1993          ;
; State Machine Processing                                                        ; Auto               ; Auto               ;
; Safe State Machine                                                              ; Off                ; Off                ;
; Extract Verilog State Machines                                                  ; On                 ; On                 ;
; Extract VHDL State Machines                                                     ; On                 ; On                 ;
; Ignore Verilog initial constructs                                               ; Off                ; Off                ;
; Iteration limit for constant Verilog loops                                      ; 5000               ; 5000               ;
; Iteration limit for non-constant Verilog loops                                  ; 250                ; 250                ;
; Add Pass-Through Logic to Inferred RAMs                                         ; On                 ; On                 ;
; Infer RAMs from Raw Logic                                                       ; On                 ; On                 ;
; Parallel Synthesis                                                              ; On                 ; On                 ;
; DSP Block Balancing                                                             ; Auto               ; Auto               ;
; NOT Gate Push-Back                                                              ; On                 ; On                 ;
; Power-Up Don't Care                                                             ; On                 ; On                 ;
; Remove Redundant Logic Cells                                                    ; Off                ; Off                ;
; Remove Duplicate Registers                                                      ; On                 ; On                 ;
; Ignore CARRY Buffers                                                            ; Off                ; Off                ;
; Ignore CASCADE Buffers                                                          ; Off                ; Off                ;
; Ignore GLOBAL Buffers                                                           ; Off                ; Off                ;
; Ignore ROW GLOBAL Buffers                                                       ; Off                ; Off                ;
; Ignore LCELL Buffers                                                            ; Off                ; Off                ;
; Ignore SOFT Buffers                                                             ; On                 ; On                 ;
; Limit AHDL Integers to 32 Bits                                                  ; Off                ; Off                ;
; Optimization Technique                                                          ; Balanced           ; Balanced           ;
; Carry Chain Length                                                              ; 70                 ; 70                 ;
; Auto Carry Chains                                                               ; On                 ; On                 ;
; Auto Open-Drain Pins                                                            ; On                 ; On                 ;
; Perform WYSIWYG Primitive Resynthesis                                           ; Off                ; Off                ;
; Auto ROM Replacement                                                            ; On                 ; On                 ;
; Auto RAM Replacement                                                            ; On                 ; On                 ;
; Auto DSP Block Replacement                                                      ; On                 ; On                 ;
; Auto Shift Register Replacement                                                 ; Auto               ; Auto               ;
; Allow Shift Register Merging across Hierarchies                                 ; Auto               ; Auto               ;
; Auto Clock Enable Replacement                                                   ; On                 ; On                 ;
; Strict RAM Replacement                                                          ; Off                ; Off                ;
; Allow Synchronous Control Signals                                               ; On                 ; On                 ;
; Force Use of Synchronous Clear Signals                                          ; Off                ; Off                ;
; Auto Resource Sharing                                                           ; Off                ; Off                ;
; Allow Any RAM Size For Recognition                                              ; Off                ; Off                ;
; Allow Any ROM Size For Recognition                                              ; Off                ; Off                ;
; Allow Any Shift Register Size For Recognition                                   ; Off                ; Off                ;
; Use LogicLock Constraints during Resource Balancing                             ; On                 ; On                 ;
; Ignore translate_off and synthesis_off directives                               ; Off                ; Off                ;
; Timing-Driven Synthesis                                                         ; On                 ; On                 ;
; Report Parameter Settings                                                       ; On                 ; On                 ;
; Report Source Assignments                                                       ; On                 ; On                 ;
; Report Connectivity Checks                                                      ; On                 ; On                 ;
; Ignore Maximum Fan-Out Assignments                                              ; Off                ; Off                ;
; Synchronization Register Chain Length                                           ; 3                  ; 3                  ;
; Power Optimization During Synthesis                                             ; Normal compilation ; Normal compilation ;
; HDL message level                                                               ; Level2             ; Level2             ;
; Suppress Register Optimization Related Messages                                 ; Off                ; Off                ;
; Number of Removed Registers Reported in Synthesis Report                        ; 5000               ; 5000               ;
; Number of Swept Nodes Reported in Synthesis Report                              ; 5000               ; 5000               ;
; Number of Inverted Registers Reported in Synthesis Report                       ; 100                ; 100                ;
; Clock MUX Protection                                                            ; On                 ; On                 ;
; Auto Gated Clock Conversion                                                     ; Off                ; Off                ;
; Block Design Naming                                                             ; Auto               ; Auto               ;
; SDC constraint protection                                                       ; Off                ; Off                ;
; Synthesis Effort                                                                ; Auto               ; Auto               ;
; Shift Register Replacement - Allow Asynchronous Clear Signal                    ; On                 ; On                 ;
; Pre-Mapping Resynthesis Optimization                                            ; Off                ; Off                ;
; Analysis & Synthesis Message Level                                              ; Medium             ; Medium             ;
; Disable Register Merging Across Hierarchies                                     ; Auto               ; Auto               ;
; Resource Aware Inference For Block RAM                                          ; On                 ; On                 ;
; Automatic Parallel Synthesis                                                    ; On                 ; On                 ;
; Partial Reconfiguration Bitstream ID                                            ; Off                ; Off                ;
+---------------------------------------------------------------------------------+--------------------+--------------------+


+------------------------------------------+
; Parallel Compilation                     ;
+----------------------------+-------------+
; Processors                 ; Number      ;
+----------------------------+-------------+
; Number detected on machine ; 2           ;
; Maximum allowed            ; 2           ;
;                            ;             ;
; Average used               ; 1.00        ;
; Maximum used               ; 1           ;
;                            ;             ;
; Usage by Processor         ; % Time Used ;
;     Processor 1            ; 100.0%      ;
+----------------------------+-------------+


+--------------------------------------------------------------------------------------------------------------------------------------------------+
; Analysis & Synthesis Source Files Read                                                                                                           ;
+----------------------------------+-----------------+------------------------------+----------------------------------------------------+---------+
; File Name with User-Entered Path ; Used in Netlist ; File Type                    ; File Name with Absolute Path                       ; Library ;
+----------------------------------+-----------------+------------------------------+----------------------------------------------------+---------+
; instructionMem.sv                ; yes             ; User SystemVerilog HDL File  ; C:/intelFPGA_lite/18.1/Processor/instructionMem.sv ;         ;
+----------------------------------+-----------------+------------------------------+----------------------------------------------------+---------+


+-----------------------------------------------------+
; Analysis & Synthesis Resource Usage Summary         ;
+---------------------------------------------+-------+
; Resource                                    ; Usage ;
+---------------------------------------------+-------+
; Estimate of Logic utilization (ALMs needed) ; 0     ;
;                                             ;       ;
; Combinational ALUT usage for logic          ; 0     ;
;     -- 7 input functions                    ; 0     ;
;     -- 6 input functions                    ; 0     ;
;     -- 5 input functions                    ; 0     ;
;     -- 4 input functions                    ; 0     ;
;     -- <=3 input functions                  ; 0     ;
;                                             ;       ;
; Dedicated logic registers                   ; 0     ;
;                                             ;       ;
; I/O pins                                    ; 65    ;
;                                             ;       ;
; Total DSP Blocks                            ; 0     ;
;                                             ;       ;
; Maximum fan-out node                        ; PC[0] ;
; Maximum fan-out                             ; 1     ;
; Total fan-out                               ; 65    ;
; Average fan-out                             ; 0.50  ;
+---------------------------------------------+-------+


+-------------------------------------------------------------------------------------------------------------------------------------------------------------------------------------------+
; Analysis & Synthesis Resource Utilization by Entity                                                                                                                                       ;
+----------------------------+---------------------+---------------------------+-------------------+------------+------+--------------+---------------------+----------------+--------------+
; Compilation Hierarchy Node ; Combinational ALUTs ; Dedicated Logic Registers ; Block Memory Bits ; DSP Blocks ; Pins ; Virtual Pins ; Full Hierarchy Name ; Entity Name    ; Library Name ;
+----------------------------+---------------------+---------------------------+-------------------+------------+------+--------------+---------------------+----------------+--------------+
; |instructionMem            ; 0 (0)               ; 0 (0)                     ; 0                 ; 0          ; 65   ; 0            ; |instructionMem     ; instructionMem ; work         ;
+----------------------------+---------------------+---------------------------+-------------------+------------+------+--------------+---------------------+----------------+--------------+
Note: For table entries with two numbers listed, the numbers in parentheses indicate the number of resources of the given type used by the specific entity alone. The numbers listed outside of parentheses indicate the total resources of the given type used by the specific entity and all of its sub-entities in the hierarchy.


+---------------------------------------------------------------------------------+
; Registers Removed During Synthesis                                              ;
+----------------------------------------+----------------------------------------+
; Register name                          ; Reason for Removal                     ;
+----------------------------------------+----------------------------------------+
; instruction[0]~reg0                    ; Stuck at GND due to stuck port data_in ;
; instruction[1]~reg0                    ; Stuck at GND due to stuck port data_in ;
; instruction[2]~reg0                    ; Stuck at GND due to stuck port data_in ;
; instruction[3]~reg0                    ; Stuck at GND due to stuck port data_in ;
; instruction[4]~reg0                    ; Stuck at GND due to stuck port data_in ;
; instruction[5]~reg0                    ; Stuck at GND due to stuck port data_in ;
; instruction[6]~reg0                    ; Stuck at GND due to stuck port data_in ;
; instruction[7]~reg0                    ; Stuck at GND due to stuck port data_in ;
; instruction[8]~reg0                    ; Stuck at GND due to stuck port data_in ;
; instruction[9]~reg0                    ; Stuck at GND due to stuck port data_in ;
; instruction[10]~reg0                   ; Stuck at GND due to stuck port data_in ;
; instruction[11]~reg0                   ; Stuck at GND due to stuck port data_in ;
; instruction[12]~reg0                   ; Stuck at GND due to stuck port data_in ;
; instruction[13]~reg0                   ; Stuck at GND due to stuck port data_in ;
; instruction[14]~reg0                   ; Stuck at GND due to stuck port data_in ;
; instruction[15]~reg0                   ; Stuck at GND due to stuck port data_in ;
; instruction[16]~reg0                   ; Stuck at GND due to stuck port data_in ;
; instruction[17]~reg0                   ; Stuck at GND due to stuck port data_in ;
; instruction[18]~reg0                   ; Stuck at GND due to stuck port data_in ;
; instruction[19]~reg0                   ; Stuck at GND due to stuck port data_in ;
; instruction[20]~reg0                   ; Stuck at GND due to stuck port data_in ;
; instruction[21]~reg0                   ; Stuck at GND due to stuck port data_in ;
; instruction[22]~reg0                   ; Stuck at GND due to stuck port data_in ;
; instruction[23]~reg0                   ; Stuck at GND due to stuck port data_in ;
; instruction[24]~reg0                   ; Stuck at GND due to stuck port data_in ;
; instruction[25]~reg0                   ; Stuck at GND due to stuck port data_in ;
; instruction[26]~reg0                   ; Stuck at GND due to stuck port data_in ;
; instruction[27]~reg0                   ; Stuck at GND due to stuck port data_in ;
; instruction[28]~reg0                   ; Stuck at GND due to stuck port data_in ;
; instruction[29]~reg0                   ; Stuck at GND due to stuck port data_in ;
; instruction[30]~reg0                   ; Stuck at GND due to stuck port data_in ;
; instruction[31]~reg0                   ; Stuck at GND due to stuck port data_in ;
; Total Number of Removed Registers = 32 ;                                        ;
+----------------------------------------+----------------------------------------+


+------------------------------------------------------------------------------------------+
; Removed Registers Triggering Further Register Optimizations                              ;
+---------------------+---------------------------+----------------------------------------+
; Register name       ; Reason for Removal        ; Registers Removed due to This Register ;
+---------------------+---------------------------+----------------------------------------+
; instruction[1]~reg0 ; Stuck at GND              ; instruction[28]~reg0                   ;
;                     ; due to stuck port data_in ;                                        ;
; instruction[3]~reg0 ; Stuck at GND              ; instruction[29]~reg0                   ;
;                     ; due to stuck port data_in ;                                        ;
; instruction[5]~reg0 ; Stuck at GND              ; instruction[30]~reg0                   ;
;                     ; due to stuck port data_in ;                                        ;
; instruction[7]~reg0 ; Stuck at GND              ; instruction[31]~reg0                   ;
;                     ; due to stuck port data_in ;                                        ;
+---------------------+---------------------------+----------------------------------------+


+------------------------------------------------------+
; General Register Statistics                          ;
+----------------------------------------------+-------+
; Statistic                                    ; Value ;
+----------------------------------------------+-------+
; Total registers                              ; 0     ;
; Number of registers using Synchronous Clear  ; 0     ;
; Number of registers using Synchronous Load   ; 0     ;
; Number of registers using Asynchronous Clear ; 0     ;
; Number of registers using Asynchronous Load  ; 0     ;
; Number of registers using Clock Enable       ; 0     ;
; Number of registers using Preset             ; 0     ;
+----------------------------------------------+-------+


+-----------------------------------------------------+
; Post-Synthesis Netlist Statistics for Top Partition ;
+-----------------------+-----------------------------+
; Type                  ; Count                       ;
+-----------------------+-----------------------------+
; arriav_lcell_comb     ; 1                           ;
;     normal            ; 1                           ;
;         0 data inputs ; 1                           ;
; boundary_port         ; 65                          ;
;                       ;                             ;
; Max LUT depth         ; 0.00                        ;
; Average LUT depth     ; 0.00                        ;
+-----------------------+-----------------------------+


+-------------------------------+
; Elapsed Time Per Partition    ;
+----------------+--------------+
; Partition Name ; Elapsed Time ;
+----------------+--------------+
; Top            ; 00:00:03     ;
+----------------+--------------+


+-------------------------------+
; Analysis & Synthesis Messages ;
+-------------------------------+
Info: *******************************************************************
Info: Running Quartus Prime Analysis & Synthesis
    Info: Version 18.1.0 Build 625 09/12/2018 SJ Lite Edition
    Info: Processing started: Mon Nov 11 10:47:01 2019
Info: Command: quartus_map --read_settings_files=on --write_settings_files=off Processor -c Processor
Warning (18236): Number of processors has not been specified which may cause overloading on shared machines.  Set the global assignment NUM_PARALLEL_PROCESSORS in your QSF to an appropriate value for best performance.
Info (20030): Parallel compilation is enabled and will use 2 of the 2 processors detected
Info (12021): Found 0 design units, including 0 entities, in source file processor.sv
Info (12021): Found 1 design units, including 1 entities, in source file instructionmem.sv
    Info (12023): Found entity 1: instructionMem File: C:/intelFPGA_lite/18.1/Processor/instructionMem.sv Line: 1
Info (12021): Found 1 design units, including 1 entities, in source file regdecoder.sv
    Info (12023): Found entity 1: regDecoder File: C:/intelFPGA_lite/18.1/Processor/regDecoder.sv Line: 1
Info (12021): Found 1 design units, including 1 entities, in source file bitextender.sv
    Info (12023): Found entity 1: bitextender File: C:/intelFPGA_lite/18.1/Processor/bitextender.sv Line: 1
Info (12021): Found 1 design units, including 1 entities, in source file decoder.sv
    Info (12023): Found entity 1: decoder File: C:/intelFPGA_lite/18.1/Processor/decoder.sv Line: 1
Info (12021): Found 1 design units, including 1 entities, in source file datapath.sv
    Info (12023): Found entity 1: dataPath File: C:/intelFPGA_lite/18.1/Processor/datapath.sv Line: 1
Info (12021): Found 1 design units, including 1 entities, in source file fulladder.sv
    Info (12023): Found entity 1: fulladder File: C:/intelFPGA_lite/18.1/Processor/fulladder.sv Line: 1
Info (12021): Found 1 design units, including 1 entities, in source file mux2x1_nbits.sv
    Info (12023): Found entity 1: mux2x1_nBits File: C:/intelFPGA_lite/18.1/Processor/mux2x1_nBits.sv Line: 1
Info (12021): Found 1 design units, including 1 entities, in source file mux2x1.sv
    Info (12023): Found entity 1: mux2x1 File: C:/intelFPGA_lite/18.1/Processor/mux2x1.sv Line: 1
Info (12021): Found 1 design units, including 1 entities, in source file alu.sv
    Info (12023): Found entity 1: ALU File: C:/intelFPGA_lite/18.1/Processor/ALU.sv Line: 1
Info (12021): Found 1 design units, including 1 entities, in source file and_gate.sv
    Info (12023): Found entity 1: and_gate File: C:/intelFPGA_lite/18.1/Processor/and_gate.sv Line: 1
Info (12021): Found 1 design units, including 1 entities, in source file mux_not.sv
    Info (12023): Found entity 1: mux_not File: C:/intelFPGA_lite/18.1/Processor/mux_not.sv Line: 1
Info (12021): Found 1 design units, including 1 entities, in source file mux_result.sv
    Info (12023): Found entity 1: mux_result File: C:/intelFPGA_lite/18.1/Processor/mux_result.sv Line: 1
Info (12021): Found 1 design units, including 1 entities, in source file or_gate.sv
    Info (12023): Found entity 1: or_gate File: C:/intelFPGA_lite/18.1/Processor/or_gate.sv Line: 1
Info (12021): Found 1 design units, including 1 entities, in source file sar.sv
    Info (12023): Found entity 1: sar File: C:/intelFPGA_lite/18.1/Processor/sar.sv Line: 1
Info (12021): Found 1 design units, including 1 entities, in source file sc.sv
    Info (12023): Found entity 1: sc File: C:/intelFPGA_lite/18.1/Processor/sc.sv Line: 1
Info (12021): Found 1 design units, including 1 entities, in source file sll.sv
    Info (12023): Found entity 1: sll File: C:/intelFPGA_lite/18.1/Processor/sll.sv Line: 1
Info (12021): Found 1 design units, including 1 entities, in source file slr.sv
    Info (12023): Found entity 1: slr File: C:/intelFPGA_lite/18.1/Processor/slr.sv Line: 1
Info (12021): Found 1 design units, including 1 entities, in source file xor_gate.sv
    Info (12023): Found entity 1: xor_gate File: C:/intelFPGA_lite/18.1/Processor/xor_gate.sv Line: 1
Info (12021): Found 1 design units, including 1 entities, in source file flipflop.sv
    Info (12023): Found entity 1: FlipFlop File: C:/intelFPGA_lite/18.1/Processor/FlipFlop.sv Line: 1
Info (12021): Found 1 design units, including 1 entities, in source file bankreg.sv
    Info (12023): Found entity 1: bankReg File: C:/intelFPGA_lite/18.1/Processor/bankReg.sv Line: 1
Info (12127): Elaborating entity "instructionMem" for the top level hierarchy
Warning (10858): Verilog HDL warning at instructionMem.sv(5): object ram used but never assigned File: C:/intelFPGA_lite/18.1/Processor/instructionMem.sv Line: 5
Warning (13024): Output pins are stuck at VCC or GND
    Warning (13410): Pin "instruction[0]" is stuck at GND File: C:/intelFPGA_lite/18.1/Processor/instructionMem.sv Line: 13
    Warning (13410): Pin "instruction[1]" is stuck at GND File: C:/intelFPGA_lite/18.1/Processor/instructionMem.sv Line: 13
    Warning (13410): Pin "instruction[2]" is stuck at GND File: C:/intelFPGA_lite/18.1/Processor/instructionMem.sv Line: 13
    Warning (13410): Pin "instruction[3]" is stuck at GND File: C:/intelFPGA_lite/18.1/Processor/instructionMem.sv Line: 13
    Warning (13410): Pin "instruction[4]" is stuck at GND File: C:/intelFPGA_lite/18.1/Processor/instructionMem.sv Line: 13
    Warning (13410): Pin "instruction[5]" is stuck at GND File: C:/intelFPGA_lite/18.1/Processor/instructionMem.sv Line: 13
    Warning (13410): Pin "instruction[6]" is stuck at GND File: C:/intelFPGA_lite/18.1/Processor/instructionMem.sv Line: 13
    Warning (13410): Pin "instruction[7]" is stuck at GND File: C:/intelFPGA_lite/18.1/Processor/instructionMem.sv Line: 13
    Warning (13410): Pin "instruction[8]" is stuck at GND File: C:/intelFPGA_lite/18.1/Processor/instructionMem.sv Line: 13
    Warning (13410): Pin "instruction[9]" is stuck at GND File: C:/intelFPGA_lite/18.1/Processor/instructionMem.sv Line: 13
    Warning (13410): Pin "instruction[10]" is stuck at GND File: C:/intelFPGA_lite/18.1/Processor/instructionMem.sv Line: 13
    Warning (13410): Pin "instruction[11]" is stuck at GND File: C:/intelFPGA_lite/18.1/Processor/instructionMem.sv Line: 13
    Warning (13410): Pin "instruction[12]" is stuck at GND File: C:/intelFPGA_lite/18.1/Processor/instructionMem.sv Line: 13
    Warning (13410): Pin "instruction[13]" is stuck at GND File: C:/intelFPGA_lite/18.1/Processor/instructionMem.sv Line: 13
    Warning (13410): Pin "instruction[14]" is stuck at GND File: C:/intelFPGA_lite/18.1/Processor/instructionMem.sv Line: 13
    Warning (13410): Pin "instruction[15]" is stuck at GND File: C:/intelFPGA_lite/18.1/Processor/instructionMem.sv Line: 13
    Warning (13410): Pin "instruction[16]" is stuck at GND File: C:/intelFPGA_lite/18.1/Processor/instructionMem.sv Line: 13
    Warning (13410): Pin "instruction[17]" is stuck at GND File: C:/intelFPGA_lite/18.1/Processor/instructionMem.sv Line: 13
    Warning (13410): Pin "instruction[18]" is stuck at GND File: C:/intelFPGA_lite/18.1/Processor/instructionMem.sv Line: 13
    Warning (13410): Pin "instruction[19]" is stuck at GND File: C:/intelFPGA_lite/18.1/Processor/instructionMem.sv Line: 13
    Warning (13410): Pin "instruction[20]" is stuck at GND File: C:/intelFPGA_lite/18.1/Processor/instructionMem.sv Line: 13
    Warning (13410): Pin "instruction[21]" is stuck at GND File: C:/intelFPGA_lite/18.1/Processor/instructionMem.sv Line: 13
    Warning (13410): Pin "instruction[22]" is stuck at GND File: C:/intelFPGA_lite/18.1/Processor/instructionMem.sv Line: 13
    Warning (13410): Pin "instruction[23]" is stuck at GND File: C:/intelFPGA_lite/18.1/Processor/instructionMem.sv Line: 13
    Warning (13410): Pin "instruction[24]" is stuck at GND File: C:/intelFPGA_lite/18.1/Processor/instructionMem.sv Line: 13
    Warning (13410): Pin "instruction[25]" is stuck at GND File: C:/intelFPGA_lite/18.1/Processor/instructionMem.sv Line: 13
    Warning (13410): Pin "instruction[26]" is stuck at GND File: C:/intelFPGA_lite/18.1/Processor/instructionMem.sv Line: 13
    Warning (13410): Pin "instruction[27]" is stuck at GND File: C:/intelFPGA_lite/18.1/Processor/instructionMem.sv Line: 13
    Warning (13410): Pin "instruction[28]" is stuck at GND File: C:/intelFPGA_lite/18.1/Processor/instructionMem.sv Line: 13
    Warning (13410): Pin "instruction[29]" is stuck at GND File: C:/intelFPGA_lite/18.1/Processor/instructionMem.sv Line: 13
    Warning (13410): Pin "instruction[30]" is stuck at GND File: C:/intelFPGA_lite/18.1/Processor/instructionMem.sv Line: 13
    Warning (13410): Pin "instruction[31]" is stuck at GND File: C:/intelFPGA_lite/18.1/Processor/instructionMem.sv Line: 13
Info (144001): Generated suppressed messages file C:/intelFPGA_lite/18.1/Processor/output_files/Processor.map.smsg
Info (16010): Generating hard_block partition "hard_block:auto_generated_inst"
    Info (16011): Adding 0 node(s), including 0 DDIO, 0 PLL, 0 transceiver and 0 LCELL
Warning (21074): Design contains 33 input pin(s) that do not drive logic
    Warning (15610): No output dependent on input pin "PC[0]" File: C:/intelFPGA_lite/18.1/Processor/instructionMem.sv Line: 1
    Warning (15610): No output dependent on input pin "PC[1]" File: C:/intelFPGA_lite/18.1/Processor/instructionMem.sv Line: 1
    Warning (15610): No output dependent on input pin "PC[2]" File: C:/intelFPGA_lite/18.1/Processor/instructionMem.sv Line: 1
    Warning (15610): No output dependent on input pin "PC[3]" File: C:/intelFPGA_lite/18.1/Processor/instructionMem.sv Line: 1
    Warning (15610): No output dependent on input pin "PC[4]" File: C:/intelFPGA_lite/18.1/Processor/instructionMem.sv Line: 1
    Warning (15610): No output dependent on input pin "PC[5]" File: C:/intelFPGA_lite/18.1/Processor/instructionMem.sv Line: 1
    Warning (15610): No output dependent on input pin "PC[6]" File: C:/intelFPGA_lite/18.1/Processor/instructionMem.sv Line: 1
    Warning (15610): No output dependent on input pin "PC[7]" File: C:/intelFPGA_lite/18.1/Processor/instructionMem.sv Line: 1
    Warning (15610): No output dependent on input pin "PC[8]" File: C:/intelFPGA_lite/18.1/Processor/instructionMem.sv Line: 1
    Warning (15610): No output dependent on input pin "PC[9]" File: C:/intelFPGA_lite/18.1/Processor/instructionMem.sv Line: 1
    Warning (15610): No output dependent on input pin "PC[10]" File: C:/intelFPGA_lite/18.1/Processor/instructionMem.sv Line: 1
    Warning (15610): No output dependent on input pin "PC[11]" File: C:/intelFPGA_lite/18.1/Processor/instructionMem.sv Line: 1
    Warning (15610): No output dependent on input pin "PC[12]" File: C:/intelFPGA_lite/18.1/Processor/instructionMem.sv Line: 1
    Warning (15610): No output dependent on input pin "PC[13]" File: C:/intelFPGA_lite/18.1/Processor/instructionMem.sv Line: 1
    Warning (15610): No output dependent on input pin "PC[14]" File: C:/intelFPGA_lite/18.1/Processor/instructionMem.sv Line: 1
    Warning (15610): No output dependent on input pin "PC[15]" File: C:/intelFPGA_lite/18.1/Processor/instructionMem.sv Line: 1
    Warning (15610): No output dependent on input pin "PC[16]" File: C:/intelFPGA_lite/18.1/Processor/instructionMem.sv Line: 1
    Warning (15610): No output dependent on input pin "PC[17]" File: C:/intelFPGA_lite/18.1/Processor/instructionMem.sv Line: 1
    Warning (15610): No output dependent on input pin "PC[18]" File: C:/intelFPGA_lite/18.1/Processor/instructionMem.sv Line: 1
    Warning (15610): No output dependent on input pin "PC[19]" File: C:/intelFPGA_lite/18.1/Processor/instructionMem.sv Line: 1
    Warning (15610): No output dependent on input pin "PC[20]" File: C:/intelFPGA_lite/18.1/Processor/instructionMem.sv Line: 1
    Warning (15610): No output dependent on input pin "PC[21]" File: C:/intelFPGA_lite/18.1/Processor/instructionMem.sv Line: 1
    Warning (15610): No output dependent on input pin "PC[22]" File: C:/intelFPGA_lite/18.1/Processor/instructionMem.sv Line: 1
    Warning (15610): No output dependent on input pin "PC[23]" File: C:/intelFPGA_lite/18.1/Processor/instructionMem.sv Line: 1
    Warning (15610): No output dependent on input pin "PC[24]" File: C:/intelFPGA_lite/18.1/Processor/instructionMem.sv Line: 1
    Warning (15610): No output dependent on input pin "PC[25]" File: C:/intelFPGA_lite/18.1/Processor/instructionMem.sv Line: 1
    Warning (15610): No output dependent on input pin "PC[26]" File: C:/intelFPGA_lite/18.1/Processor/instructionMem.sv Line: 1
    Warning (15610): No output dependent on input pin "PC[27]" File: C:/intelFPGA_lite/18.1/Processor/instructionMem.sv Line: 1
    Warning (15610): No output dependent on input pin "PC[28]" File: C:/intelFPGA_lite/18.1/Processor/instructionMem.sv Line: 1
    Warning (15610): No output dependent on input pin "PC[29]" File: C:/intelFPGA_lite/18.1/Processor/instructionMem.sv Line: 1
    Warning (15610): No output dependent on input pin "PC[30]" File: C:/intelFPGA_lite/18.1/Processor/instructionMem.sv Line: 1
    Warning (15610): No output dependent on input pin "PC[31]" File: C:/intelFPGA_lite/18.1/Processor/instructionMem.sv Line: 1
    Warning (15610): No output dependent on input pin "clk" File: C:/intelFPGA_lite/18.1/Processor/instructionMem.sv Line: 2
Info (21057): Implemented 65 device resources after synthesis - the final resource count might be different
    Info (21058): Implemented 33 input pins
    Info (21059): Implemented 32 output pins
Info: Quartus Prime Analysis & Synthesis was successful. 0 errors, 69 warnings
    Info: Peak virtual memory: 654 megabytes
    Info: Processing ended: Mon Nov 11 10:48:41 2019
    Info: Elapsed time: 00:01:40
    Info: Total CPU time (on all processors): 00:01:12


+------------------------------------------+
; Analysis & Synthesis Suppressed Messages ;
+------------------------------------------+
The suppressed messages can be found in C:/intelFPGA_lite/18.1/Processor/output_files/Processor.map.smsg.


