Flow report for Drivers
Wed Nov 20 08:44:09 2019
Quartus Prime Version 18.1.0 Build 625 09/12/2018 SJ Lite Edition


---------------------
; Table of Contents ;
---------------------
  1. Legal Notice
  2. Flow Summary
  3. Flow Settings
  4. Flow Non-Default Global Settings
  5. Flow Elapsed Time
  6. Flow OS Summary
  7. Flow Log
  8. Flow Messages
  9. Flow Suppressed Messages



----------------
; Legal Notice ;
----------------
Copyright (C) 2018  Intel Corporation. All rights reserved.
Your use of Intel Corporation's design tools, logic functions 
and other software and tools, and its AMPP partner logic 
functions, and any output files from any of the foregoing 
(including device programming or simulation files), and any 
associated documentation or information are expressly subject 
to the terms and conditions of the Intel Program License 
Subscription Agreement, the Intel Quartus Prime License Agreement,
the Intel FPGA IP License Agreement, or other applicable license
agreement, including, without limitation, that your use is for
the sole purpose of programming logic devices manufactured by
Intel and sold by Intel or its authorized distributors.  Please
refer to the applicable agreement for further details.



+-------------------------------------------------------------------------------+
; Flow Summary                                                                  ;
+---------------------------------+---------------------------------------------+
; Flow Status                     ; Successful - Wed Nov 20 08:44:09 2019       ;
; Quartus Prime Version           ; 18.1.0 Build 625 09/12/2018 SJ Lite Edition ;
; Revision Name                   ; Drivers                                     ;
; Top-level Entity Name           ; KeyboardDisplay                             ;
; Family                          ; Cyclone V                                   ;
; Device                          ; 5CSEMA5F31C6                                ;
; Timing Models                   ; Final                                       ;
; Logic utilization (in ALMs)     ; 23 / 32,070 ( < 1 % )                       ;
; Total registers                 ; 33                                          ;
; Total pins                      ; 23 / 457 ( 5 % )                            ;
; Total virtual pins              ; 0                                           ;
; Total block memory bits         ; 0 / 4,065,280 ( 0 % )                       ;
; Total DSP Blocks                ; 0 / 87 ( 0 % )                              ;
; Total HSSI RX PCSs              ; 0                                           ;
; Total HSSI PMA RX Deserializers ; 0                                           ;
; Total HSSI TX PCSs              ; 0                                           ;
; Total HSSI PMA TX Serializers   ; 0                                           ;
; Total PLLs                      ; 0 / 6 ( 0 % )                               ;
; Total DLLs                      ; 0 / 4 ( 0 % )                               ;
+---------------------------------+---------------------------------------------+


+-----------------------------------------+
; Flow Settings                           ;
+-------------------+---------------------+
; Option            ; Setting             ;
+-------------------+---------------------+
; Start date & time ; 11/20/2019 08:41:53 ;
; Main task         ; Compilation         ;
; Revision Name     ; Drivers             ;
+-------------------+---------------------+


+---------------------------------------------------------------------------------------------------------------------------------+
; Flow Non-Default Global Settings                                                                                                ;
+-------------------------------------+----------------------------------------+---------------+-----------------+----------------+
; Assignment Name                     ; Value                                  ; Default Value ; Entity Name     ; Section Id     ;
+-------------------------------------+----------------------------------------+---------------+-----------------+----------------+
; COMPILER_SIGNATURE_ID               ; 97351243532289.157426091316396         ; --            ; --              ; --             ;
; EDA_OUTPUT_DATA_FORMAT              ; Verilog Hdl                            ; --            ; --              ; eda_simulation ;
; EDA_SIMULATION_TOOL                 ; ModelSim (Verilog)                     ; <None>        ; --              ; --             ;
; EDA_TIME_SCALE                      ; 1 ps                                   ; --            ; --              ; eda_simulation ;
; MAX_CORE_JUNCTION_TEMP              ; 85                                     ; --            ; --              ; --             ;
; MIN_CORE_JUNCTION_TEMP              ; 0                                      ; --            ; --              ; --             ;
; PARTITION_COLOR                     ; -- (Not supported for targeted family) ; --            ; KeyboardDisplay ; Top            ;
; PARTITION_FITTER_PRESERVATION_LEVEL ; -- (Not supported for targeted family) ; --            ; KeyboardDisplay ; Top            ;
; PARTITION_NETLIST_TYPE              ; -- (Not supported for targeted family) ; --            ; KeyboardDisplay ; Top            ;
; POWER_BOARD_THERMAL_MODEL           ; None (CONSERVATIVE)                    ; --            ; --              ; --             ;
; POWER_PRESET_COOLING_SOLUTION       ; 23 MM HEAT SINK WITH 200 LFPM AIRFLOW  ; --            ; --              ; --             ;
; PROJECT_OUTPUT_DIRECTORY            ; output_files                           ; --            ; --              ; --             ;
; TOP_LEVEL_ENTITY                    ; KeyboardDisplay                        ; Drivers       ; --              ; --             ;
+-------------------------------------+----------------------------------------+---------------+-----------------+----------------+


+--------------------------------------------------------------------------------------------------------------------------+
; Flow Elapsed Time                                                                                                        ;
+----------------------+--------------+-------------------------+---------------------+------------------------------------+
; Module Name          ; Elapsed Time ; Average Processors Used ; Peak Virtual Memory ; Total CPU Time (on all processors) ;
+----------------------+--------------+-------------------------+---------------------+------------------------------------+
; Analysis & Synthesis ; 00:00:20     ; 1.0                     ; 4858 MB             ; 00:00:43                           ;
; Fitter               ; 00:01:10     ; 1.0                     ; 6621 MB             ; 00:01:49                           ;
; Assembler            ; 00:00:18     ; 1.0                     ; 4840 MB             ; 00:00:17                           ;
; Timing Analyzer      ; 00:00:16     ; 1.0                     ; 5136 MB             ; 00:00:13                           ;
; EDA Netlist Writer   ; 00:00:03     ; 1.0                     ; 4742 MB             ; 00:00:03                           ;
; Total                ; 00:02:07     ; --                      ; --                  ; 00:03:05                           ;
+----------------------+--------------+-------------------------+---------------------+------------------------------------+


+------------------------------------------------------------------------------------+
; Flow OS Summary                                                                    ;
+----------------------+------------------+------------+------------+----------------+
; Module Name          ; Machine Hostname ; OS Name    ; OS Version ; Processor type ;
+----------------------+------------------+------------+------------+----------------+
; Analysis & Synthesis ; DESKTOP-CEPC3VE  ; Windows 10 ; 10.0       ; x86_64         ;
; Fitter               ; DESKTOP-CEPC3VE  ; Windows 10 ; 10.0       ; x86_64         ;
; Assembler            ; DESKTOP-CEPC3VE  ; Windows 10 ; 10.0       ; x86_64         ;
; Timing Analyzer      ; DESKTOP-CEPC3VE  ; Windows 10 ; 10.0       ; x86_64         ;
; EDA Netlist Writer   ; DESKTOP-CEPC3VE  ; Windows 10 ; 10.0       ; x86_64         ;
+----------------------+------------------+------------+------------+----------------+


------------
; Flow Log ;
------------
quartus_map --read_settings_files=on --write_settings_files=off Drivers -c Drivers
quartus_fit --read_settings_files=off --write_settings_files=off Drivers -c Drivers
quartus_asm --read_settings_files=off --write_settings_files=off Drivers -c Drivers
quartus_sta Drivers -c Drivers
quartus_eda --read_settings_files=off --write_settings_files=off Drivers -c Drivers



